d:\game_dev\gameloftcourse\fire\utilities\debug\utilities.pdb
d:\game_dev\gameloftcourse\modelfbo\utilities\debug\utilities.pch
d:\game_dev\gameloftcourse\modelfbo\utilities\debug\utilities.pdb
d:\game_dev\gameloftcourse\modelfbo\utilities\debug\utilities.idb
d:\game_dev\gameloftcourse\modelfbo\utilities\debug\stdafx.obj
d:\game_dev\gameloftcourse\modelfbo\utilities\debug\esshader.obj
d:\game_dev\gameloftcourse\modelfbo\utilities\debug\esutil.obj
d:\game_dev\gameloftcourse\modelfbo\utilities\debug\esutil_win.obj
d:\game_dev\gameloftcourse\modelfbo\utilities\debug\math.obj
d:\game_dev\gameloftcourse\modelfbo\utilities\debug\memorymanager.obj
d:\game_dev\gameloftcourse\modelfbo\utilities\debug\memoryoperators.obj
d:\game_dev\gameloftcourse\modelfbo\utilities\debug\tga.obj
d:\game_dev\gameloftcourse\fire\debug\utilities.lib
d:\game_dev\gameloftcourse\modelfbo\debug\utilities.lib
d:\game_dev\gameloftcourse\modelfbo\debug\utilities.pdb
d:\game_dev\gameloftcourse\modelfbo\utilities\debug\utilities.tlog\cl.command.1.tlog
d:\game_dev\gameloftcourse\modelfbo\utilities\debug\utilities.tlog\cl.read.1.tlog
d:\game_dev\gameloftcourse\modelfbo\utilities\debug\utilities.tlog\cl.write.1.tlog
d:\game_dev\gameloftcourse\modelfbo\utilities\debug\utilities.tlog\lib-link.read.1.tlog
d:\game_dev\gameloftcourse\modelfbo\utilities\debug\utilities.tlog\lib-link.write.1.tlog
d:\game_dev\gameloftcourse\modelfbo\utilities\debug\utilities.tlog\lib.command.1.tlog
